# JRE version: OpenJDK Runtime Environment (17.0.6) (build 17.0.6+0-b2043.56-10027231)
# Java VM: OpenJDK 64-Bit Server VM (17.0.6+0-b2043.56-10027231, mixed mode, tiered, compressed oops, compressed class ptrs, g1 gc, windows-amd64)
GC Precious Log:
 CPUs: 12 total, 12 available
 Memory: 8059M
 Large Page Support: Disabled
 NUMA Support: Disabled
 Compressed Oops: Enabled (32-bit)
 Heap Region Size: 1M
 Heap Min Capacity: 8M
 Heap Initial Capacity: 126M
 Heap Max Capacity: 2016M
 Pre-touch: Disabled
 Parallel Workers: 10
 Concurrent Workers: 3
 Concurrent Refinement Workers: 10
 Periodic GC: Disabled
Heap:
 garbage-first heap   total 285696K, used 140238K [0x0000000082000000, 0x0000000100000000)
  region size 1024K, 3 young (3072K), 3 survivors (3072K)
 Metaspace       used 83977K, committed 84288K, reserved 1130496K
  class space    used 9250K, committed 9408K, reserved 1048576K
GC Heap History (20 events):
Event: 8.035 GC heap after
{Heap after GC invocations=26 (full 0):
 garbage-first heap   total 208896K, used 75365K [0x0000000082000000, 0x0000000100000000)
  region size 1024K, 16 young (16384K), 16 survivors (16384K)
 Metaspace       used 66084K, committed 66432K, reserved 1114112K
  class space    used 7527K, committed 7680K, reserved 1048576K
}
Event: 8.051 GC heap before
{Heap before GC invocations=26 (full 0):
 garbage-first heap   total 208896K, used 76389K [0x0000000082000000, 0x0000000100000000)
  region size 1024K, 17 young (17408K), 16 survivors (16384K)
 Metaspace       used 66106K, committed 66432K, reserved 1114112K
  class space    used 7527K, committed 7680K, reserved 1048576K
}
Event: 8.061 GC heap after
{Heap after GC invocations=27 (full 0):
 garbage-first heap   total 208896K, used 75640K [0x0000000082000000, 0x0000000100000000)
  region size 1024K, 2 young (2048K), 2 survivors (2048K)
 Metaspace       used 66106K, committed 66432K, reserved 1114112K
  class space    used 7527K, committed 7680K, reserved 1048576K
}
Event: 9.557 GC heap before
{Heap before GC invocations=27 (full 0):
 garbage-first heap   total 208896K, used 151416K [0x0000000082000000, 0x0000000100000000)
  region size 1024K, 76 young (77824K), 2 survivors (2048K)
 Metaspace       used 66798K, committed 67072K, reserved 1114112K
  class space    used 7551K, committed 7680K, reserved 1048576K
}
Event: 9.568 GC heap after
{Heap after GC invocations=28 (full 0):
 garbage-first heap   total 208896K, used 79736K [0x0000000082000000, 0x0000000100000000)
  region size 1024K, 6 young (6144K), 6 survivors (6144K)
 Metaspace       used 66798K, committed 67072K, reserved 1114112K
  class space    used 7551K, committed 7680K, reserved 1048576K
}
Event: 10.907 GC heap before
{Heap before GC invocations=28 (full 0):
 garbage-first heap   total 208896K, used 157560K [0x0000000082000000, 0x0000000100000000)
  region size 1024K, 81 young (82944K), 6 survivors (6144K)
 Metaspace       used 67599K, committed 67904K, reserved 1114112K
  class space    used 7606K, committed 7744K, reserved 1048576K
}
Event: 10.919 GC heap after
{Heap after GC invocations=29 (full 0):
 garbage-first heap   total 208896K, used 87800K [0x0000000082000000, 0x0000000100000000)
  region size 1024K, 7 young (7168K), 7 survivors (7168K)
 Metaspace       used 67599K, committed 67904K, reserved 1114112K
  class space    used 7606K, committed 7744K, reserved 1048576K
}
Event: 11.697 GC heap before
{Heap before GC invocations=29 (full 0):
 garbage-first heap   total 208896K, used 162552K [0x0000000082000000, 0x0000000100000000)
  region size 1024K, 80 young (81920K), 7 survivors (7168K)
 Metaspace       used 72993K, committed 73344K, reserved 1114112K
  class space    used 8143K, committed 8320K, reserved 1048576K
}
Event: 11.704 GC heap after
{Heap after GC invocations=30 (full 0):
 garbage-first heap   total 208896K, used 90319K [0x0000000082000000, 0x0000000100000000)
  region size 1024K, 4 young (4096K), 4 survivors (4096K)
 Metaspace       used 72993K, committed 73344K, reserved 1114112K
  class space    used 8143K, committed 8320K, reserved 1048576K
}
Event: 12.730 GC heap before
{Heap before GC invocations=30 (full 0):
 garbage-first heap   total 208896K, used 166095K [0x0000000082000000, 0x0000000100000000)
  region size 1024K, 78 young (79872K), 4 survivors (4096K)
 Metaspace       used 77572K, committed 77952K, reserved 1122304K
  class space    used 8598K, committed 8768K, reserved 1048576K
}
Event: 12.745 GC heap after
{Heap after GC invocations=31 (full 0):
 garbage-first heap   total 208896K, used 101851K [0x0000000082000000, 0x0000000100000000)
  region size 1024K, 10 young (10240K), 10 survivors (10240K)
 Metaspace       used 77572K, committed 77952K, reserved 1122304K
  class space    used 8598K, committed 8768K, reserved 1048576K
}
Event: 12.998 GC heap before
{Heap before GC invocations=31 (full 0):
 garbage-first heap   total 208896K, used 166363K [0x0000000082000000, 0x0000000100000000)
  region size 1024K, 73 young (74752K), 10 survivors (10240K)
 Metaspace       used 77973K, committed 78272K, reserved 1122304K
  class space    used 8634K, committed 8768K, reserved 1048576K
}
Event: 13.013 GC heap after
{Heap after GC invocations=32 (full 0):
 garbage-first heap   total 208896K, used 109534K [0x0000000082000000, 0x0000000100000000)
  region size 1024K, 7 young (7168K), 7 survivors (7168K)
 Metaspace       used 77973K, committed 78272K, reserved 1122304K
  class space    used 8634K, committed 8768K, reserved 1048576K
}
Event: 13.433 GC heap before
{Heap before GC invocations=32 (full 0):
 garbage-first heap   total 208896K, used 166878K [0x0000000082000000, 0x0000000100000000)
  region size 1024K, 63 young (64512K), 7 survivors (7168K)
 Metaspace       used 78381K, committed 78720K, reserved 1122304K
  class space    used 8653K, committed 8832K, reserved 1048576K
}
Event: 13.456 GC heap after
{Heap after GC invocations=33 (full 0):
 garbage-first heap   total 208896K, used 131991K [0x0000000082000000, 0x0000000100000000)
  region size 1024K, 8 young (8192K), 8 survivors (8192K)
 Metaspace       used 78381K, committed 78720K, reserved 1122304K
  class space    used 8653K, committed 8832K, reserved 1048576K
}
Event: 13.768 GC heap before
{Heap before GC invocations=34 (full 0):
 garbage-first heap   total 232448K, used 162711K [0x0000000082000000, 0x0000000100000000)
  region size 1024K, 38 young (38912K), 8 survivors (8192K)
 Metaspace       used 78786K, committed 79104K, reserved 1122304K
  class space    used 8682K, committed 8832K, reserved 1048576K
}
Event: 13.779 GC heap after
{Heap after GC invocations=35 (full 0):
 garbage-first heap   total 232448K, used 138715K [0x0000000082000000, 0x0000000100000000)
  region size 1024K, 5 young (5120K), 5 survivors (5120K)
 Metaspace       used 78786K, committed 79104K, reserved 1122304K
  class space    used 8682K, committed 8832K, reserved 1048576K
}
Event: 13.845 GC heap before
{Heap before GC invocations=35 (full 0):
 garbage-first heap   total 232448K, used 144859K [0x0000000082000000, 0x0000000100000000)
  region size 1024K, 11 young (11264K), 5 survivors (5120K)
 Metaspace       used 79256K, committed 79616K, reserved 1122304K
  class space    used 8728K, committed 8896K, reserved 1048576K
}
Event: 13.853 GC heap after
{Heap after GC invocations=36 (full 0):
 garbage-first heap   total 232448K, used 139088K [0x0000000082000000, 0x0000000100000000)
  region size 1024K, 1 young (1024K), 1 survivors (1024K)
 Metaspace       used 79256K, committed 79616K, reserved 1122304K
  class space    used 8728K, committed 8896K, reserved 1048576K
}
Event: 14.286 GC heap before
{Heap before GC invocations=36 (full 0):
 garbage-first heap   total 232448K, used 180048K [0x0000000082000000, 0x0000000100000000)
  region size 1024K, 41 young (41984K), 1 survivors (1024K)
 Metaspace       used 83977K, committed 84288K, reserved 1130496K
  class space    used 9250K, committed 9408K, reserved 1048576K
}

