# JRE version: OpenJDK Runtime Environment (17.0.6) (build 17.0.6+0-b2043.56-10027231)
# Java VM: OpenJDK 64-Bit Server VM (17.0.6+0-b2043.56-10027231, mixed mode, tiered, compressed oops, compressed class ptrs, g1 gc, windows-amd64)
GC Precious Log:
 CPUs: 12 total, 12 available
 Memory: 8059M
 Large Page Support: Disabled
 NUMA Support: Disabled
 Compressed Oops: Enabled (Zero based)
 Heap Region Size: 4M
 Heap Min Capacity: 8M
 Heap Initial Capacity: 128M
 Heap Max Capacity: 4608M
 Pre-touch: Disabled
 Parallel Workers: 10
 Concurrent Workers: 3
 Concurrent Refinement Workers: 10
 Periodic GC: Disabled
Heap:
 garbage-first heap   total 172032K, used 89662K [0x00000006e0000000, 0x0000000800000000)
  region size 4096K, 2 young (8192K), 2 survivors (8192K)
 Metaspace       used 100192K, committed 100800K, reserved 1138688K
  class space    used 13577K, committed 13888K, reserved 1048576K
GC Heap History (20 events):
Event: 3.472 GC heap after
{Heap after GC invocations=11 (full 0):
 garbage-first heap   total 143360K, used 31824K [0x00000006e0000000, 0x0000000800000000)
  region size 4096K, 2 young (8192K), 2 survivors (8192K)
 Metaspace       used 50026K, committed 50496K, reserved 1097728K
  class space    used 6685K, committed 6912K, reserved 1048576K
}
Event: 4.152 GC heap before
{Heap before GC invocations=11 (full 0):
 garbage-first heap   total 143360K, used 101456K [0x00000006e0000000, 0x0000000800000000)
  region size 4096K, 19 young (77824K), 2 survivors (8192K)
 Metaspace       used 54328K, committed 54784K, reserved 1097728K
  class space    used 7236K, committed 7424K, reserved 1048576K
}
Event: 4.158 GC heap after
{Heap after GC invocations=12 (full 0):
 garbage-first heap   total 143360K, used 35414K [0x00000006e0000000, 0x0000000800000000)
  region size 4096K, 2 young (8192K), 2 survivors (8192K)
 Metaspace       used 54328K, committed 54784K, reserved 1097728K
  class space    used 7236K, committed 7424K, reserved 1048576K
}
Event: 4.540 GC heap before
{Heap before GC invocations=12 (full 0):
 garbage-first heap   total 143360K, used 88662K [0x00000006e0000000, 0x0000000800000000)
  region size 4096K, 16 young (65536K), 2 survivors (8192K)
 Metaspace       used 59825K, committed 60288K, reserved 1105920K
  class space    used 7956K, committed 8128K, reserved 1048576K
}
Event: 4.547 GC heap after
{Heap after GC invocations=13 (full 0):
 garbage-first heap   total 143360K, used 52231K [0x00000006e0000000, 0x0000000800000000)
  region size 4096K, 3 young (12288K), 3 survivors (12288K)
 Metaspace       used 59825K, committed 60288K, reserved 1105920K
  class space    used 7956K, committed 8128K, reserved 1048576K
}
Event: 5.062 GC heap before
{Heap before GC invocations=14 (full 0):
 garbage-first heap   total 143360K, used 101383K [0x00000006e0000000, 0x0000000800000000)
  region size 4096K, 15 young (61440K), 3 survivors (12288K)
 Metaspace       used 67978K, committed 68480K, reserved 1114112K
  class space    used 9058K, committed 9280K, reserved 1048576K
}
Event: 5.068 GC heap after
{Heap after GC invocations=15 (full 0):
 garbage-first heap   total 143360K, used 54215K [0x00000006e0000000, 0x0000000800000000)
  region size 4096K, 1 young (4096K), 1 survivors (4096K)
 Metaspace       used 67978K, committed 68480K, reserved 1114112K
  class space    used 9058K, committed 9280K, reserved 1048576K
}
Event: 5.424 GC heap before
{Heap before GC invocations=15 (full 0):
 garbage-first heap   total 143360K, used 103367K [0x00000006e0000000, 0x0000000800000000)
  region size 4096K, 13 young (53248K), 1 survivors (4096K)
 Metaspace       used 72380K, committed 72896K, reserved 1114112K
  class space    used 9612K, committed 9856K, reserved 1048576K
}
Event: 5.428 GC heap after
{Heap after GC invocations=16 (full 0):
 garbage-first heap   total 143360K, used 58679K [0x00000006e0000000, 0x0000000800000000)
  region size 4096K, 2 young (8192K), 2 survivors (8192K)
 Metaspace       used 72380K, committed 72896K, reserved 1114112K
  class space    used 9612K, committed 9856K, reserved 1048576K
}
Event: 5.800 GC heap before
{Heap before GC invocations=16 (full 0):
 garbage-first heap   total 143360K, used 103735K [0x00000006e0000000, 0x0000000800000000)
  region size 4096K, 13 young (53248K), 2 survivors (8192K)
 Metaspace       used 76604K, committed 77184K, reserved 1122304K
  class space    used 10148K, committed 10432K, reserved 1048576K
}
Event: 5.806 GC heap after
{Heap after GC invocations=17 (full 0):
 garbage-first heap   total 172032K, used 62130K [0x00000006e0000000, 0x0000000800000000)
  region size 4096K, 1 young (4096K), 1 survivors (4096K)
 Metaspace       used 76604K, committed 77184K, reserved 1122304K
  class space    used 10148K, committed 10432K, reserved 1048576K
}
Event: 6.312 GC heap before
{Heap before GC invocations=17 (full 0):
 garbage-first heap   total 172032K, used 123570K [0x00000006e0000000, 0x0000000800000000)
  region size 4096K, 16 young (65536K), 1 survivors (4096K)
 Metaspace       used 81714K, committed 82368K, reserved 1122304K
  class space    used 11044K, committed 11328K, reserved 1048576K
}
Event: 6.316 GC heap after
{Heap after GC invocations=18 (full 0):
 garbage-first heap   total 172032K, used 65690K [0x00000006e0000000, 0x0000000800000000)
  region size 4096K, 2 young (8192K), 2 survivors (8192K)
 Metaspace       used 81714K, committed 82368K, reserved 1122304K
  class space    used 11044K, committed 11328K, reserved 1048576K
}
Event: 6.874 GC heap before
{Heap before GC invocations=18 (full 0):
 garbage-first heap   total 172032K, used 127130K [0x00000006e0000000, 0x0000000800000000)
  region size 4096K, 17 young (69632K), 2 survivors (8192K)
 Metaspace       used 87609K, committed 88192K, reserved 1130496K
  class space    used 11869K, committed 12160K, reserved 1048576K
}
Event: 6.881 GC heap after
{Heap after GC invocations=19 (full 0):
 garbage-first heap   total 172032K, used 70810K [0x00000006e0000000, 0x0000000800000000)
  region size 4096K, 3 young (12288K), 3 survivors (12288K)
 Metaspace       used 87609K, committed 88192K, reserved 1130496K
  class space    used 11869K, committed 12160K, reserved 1048576K
}
Event: 7.351 GC heap before
{Heap before GC invocations=19 (full 0):
 garbage-first heap   total 172032K, used 128154K [0x00000006e0000000, 0x0000000800000000)
  region size 4096K, 17 young (69632K), 3 survivors (12288K)
 Metaspace       used 93400K, committed 94016K, reserved 1130496K
  class space    used 12693K, committed 12992K, reserved 1048576K
}
Event: 7.359 GC heap after
{Heap after GC invocations=20 (full 0):
 garbage-first heap   total 172032K, used 75959K [0x00000006e0000000, 0x0000000800000000)
  region size 4096K, 3 young (12288K), 3 survivors (12288K)
 Metaspace       used 93400K, committed 94016K, reserved 1130496K
  class space    used 12693K, committed 12992K, reserved 1048576K
}
Event: 7.597 GC heap before
{Heap before GC invocations=20 (full 0):
 garbage-first heap   total 172032K, used 129207K [0x00000006e0000000, 0x0000000800000000)
  region size 4096K, 16 young (65536K), 3 survivors (12288K)
 Metaspace       used 94143K, committed 94720K, reserved 1130496K
  class space    used 12776K, committed 13056K, reserved 1048576K
}
Event: 7.607 GC heap after
{Heap after GC invocations=21 (full 0):
 garbage-first heap   total 172032K, used 83581K [0x00000006e0000000, 0x0000000800000000)
  region size 4096K, 2 young (8192K), 2 survivors (8192K)
 Metaspace       used 94143K, committed 94720K, reserved 1130496K
  class space    used 12776K, committed 13056K, reserved 1048576K
}
Event: 8.468 GC heap before
{Heap before GC invocations=21 (full 0):
 garbage-first heap   total 172032K, used 124541K [0x00000006e0000000, 0x0000000800000000)
  region size 4096K, 13 young (53248K), 2 survivors (8192K)
 Metaspace       used 100192K, committed 100800K, reserved 1138688K
  class space    used 13577K, committed 13888K, reserved 1048576K
}

