# JRE version: OpenJDK Runtime Environment (17.0.6) (build 17.0.6+0-b2043.56-10027231)
# Java VM: OpenJDK 64-Bit Server VM (17.0.6+0-b2043.56-10027231, mixed mode, tiered, compressed oops, compressed class ptrs, g1 gc, windows-amd64)
GC Precious Log:
 CPUs: 12 total, 12 available
 Memory: 8059M
 Large Page Support: Disabled
 NUMA Support: Disabled
 Compressed Oops: Enabled (Zero based)
 Heap Region Size: 4M
 Heap Min Capacity: 8M
 Heap Initial Capacity: 128M
 Heap Max Capacity: 4608M
 Pre-touch: Disabled
 Parallel Workers: 10
 Concurrent Workers: 3
 Concurrent Refinement Workers: 10
 Periodic GC: Disabled
Heap:
 garbage-first heap   total 753664K, used 422369K [0x00000006e0000000, 0x0000000800000000)
  region size 4096K, 15 young (61440K), 7 survivors (28672K)
 Metaspace       used 157313K, committed 158144K, reserved 1187840K
  class space    used 20572K, committed 20992K, reserved 1048576K
GC Heap History (20 events):
Event: 21.172 GC heap before
{Heap before GC invocations=51 (full 0):
 garbage-first heap   total 376832K, used 273842K [0x00000006e0000000, 0x0000000800000000)
  region size 4096K, 21 young (86016K), 4 survivors (16384K)
 Metaspace       used 126636K, committed 127424K, reserved 1163264K
  class space    used 16975K, committed 17408K, reserved 1048576K
}
Event: 21.191 GC heap after
{Heap after GC invocations=52 (full 0):
 garbage-first heap   total 376832K, used 221419K [0x00000006e0000000, 0x0000000800000000)
  region size 4096K, 3 young (12288K), 3 survivors (12288K)
 Metaspace       used 126636K, committed 127424K, reserved 1163264K
  class space    used 16975K, committed 17408K, reserved 1048576K
}
Event: 21.283 GC heap before
{Heap before GC invocations=52 (full 0):
 garbage-first heap   total 376832K, used 278763K [0x00000006e0000000, 0x0000000800000000)
  region size 4096K, 17 young (69632K), 3 survivors (12288K)
 Metaspace       used 126677K, committed 127488K, reserved 1163264K
  class space    used 16979K, committed 17408K, reserved 1048576K
}
Event: 21.297 GC heap after
{Heap after GC invocations=53 (full 0):
 garbage-first heap   total 376832K, used 230424K [0x00000006e0000000, 0x0000000800000000)
  region size 4096K, 3 young (12288K), 3 survivors (12288K)
 Metaspace       used 126677K, committed 127488K, reserved 1163264K
  class space    used 16979K, committed 17408K, reserved 1048576K
}
Event: 21.416 GC heap before
{Heap before GC invocations=53 (full 0):
 garbage-first heap   total 376832K, used 287768K [0x00000006e0000000, 0x0000000800000000)
  region size 4096K, 17 young (69632K), 3 survivors (12288K)
 Metaspace       used 127092K, committed 127872K, reserved 1163264K
  class space    used 17023K, committed 17408K, reserved 1048576K
}
Event: 21.470 GC heap after
{Heap after GC invocations=54 (full 0):
 garbage-first heap   total 753664K, used 248284K [0x00000006e0000000, 0x0000000800000000)
  region size 4096K, 3 young (12288K), 3 survivors (12288K)
 Metaspace       used 127092K, committed 127872K, reserved 1163264K
  class space    used 17023K, committed 17408K, reserved 1048576K
}
Event: 21.951 GC heap before
{Heap before GC invocations=55 (full 0):
 garbage-first heap   total 753664K, used 494044K [0x00000006e0000000, 0x0000000800000000)
  region size 4096K, 63 young (258048K), 3 survivors (12288K)
 Metaspace       used 127261K, committed 128000K, reserved 1163264K
  class space    used 17037K, committed 17408K, reserved 1048576K
}
Event: 22.007 GC heap after
{Heap after GC invocations=56 (full 0):
 garbage-first heap   total 753664K, used 321460K [0x00000006e0000000, 0x0000000800000000)
  region size 4096K, 8 young (32768K), 8 survivors (32768K)
 Metaspace       used 127261K, committed 128000K, reserved 1163264K
  class space    used 17037K, committed 17408K, reserved 1048576K
}
Event: 22.026 GC heap before
{Heap before GC invocations=56 (full 0):
 garbage-first heap   total 753664K, used 321460K [0x00000006e0000000, 0x0000000800000000)
  region size 4096K, 9 young (36864K), 8 survivors (32768K)
 Metaspace       used 127267K, committed 128000K, reserved 1163264K
  class space    used 17037K, committed 17408K, reserved 1048576K
}
Event: 22.050 GC heap after
{Heap after GC invocations=57 (full 0):
 garbage-first heap   total 753664K, used 325761K [0x00000006e0000000, 0x0000000800000000)
  region size 4096K, 2 young (8192K), 2 survivors (8192K)
 Metaspace       used 127267K, committed 128000K, reserved 1163264K
  class space    used 17037K, committed 17408K, reserved 1048576K
}
Event: 22.668 GC heap before
{Heap before GC invocations=57 (full 0):
 garbage-first heap   total 753664K, used 493697K [0x00000006e0000000, 0x0000000800000000)
  region size 4096K, 43 young (176128K), 2 survivors (8192K)
 Metaspace       used 129021K, committed 129792K, reserved 1163264K
  class space    used 17291K, committed 17664K, reserved 1048576K
}
Event: 22.684 GC heap after
{Heap after GC invocations=58 (full 0):
 garbage-first heap   total 753664K, used 334637K [0x00000006e0000000, 0x0000000800000000)
  region size 4096K, 4 young (16384K), 4 survivors (16384K)
 Metaspace       used 129021K, committed 129792K, reserved 1163264K
  class space    used 17291K, committed 17664K, reserved 1048576K
}
Event: 24.165 GC heap before
{Heap before GC invocations=58 (full 0):
 garbage-first heap   total 753664K, used 514861K [0x00000006e0000000, 0x0000000800000000)
  region size 4096K, 49 young (200704K), 4 survivors (16384K)
 Metaspace       used 130247K, committed 131072K, reserved 1163264K
  class space    used 17467K, committed 17920K, reserved 1048576K
}
Event: 24.185 GC heap after
{Heap after GC invocations=59 (full 0):
 garbage-first heap   total 753664K, used 357024K [0x00000006e0000000, 0x0000000800000000)
  region size 4096K, 7 young (28672K), 7 survivors (28672K)
 Metaspace       used 130247K, committed 131072K, reserved 1163264K
  class space    used 17467K, committed 17920K, reserved 1048576K
}
Event: 24.698 GC heap before
{Heap before GC invocations=59 (full 0):
 garbage-first heap   total 753664K, used 570016K [0x00000006e0000000, 0x0000000800000000)
  region size 4096K, 53 young (217088K), 7 survivors (28672K)
 Metaspace       used 130315K, committed 131136K, reserved 1163264K
  class space    used 17467K, committed 17920K, reserved 1048576K
}
Event: 24.718 GC heap after
{Heap after GC invocations=60 (full 0):
 garbage-first heap   total 753664K, used 381046K [0x00000006e0000000, 0x0000000800000000)
  region size 4096K, 4 young (16384K), 4 survivors (16384K)
 Metaspace       used 130315K, committed 131136K, reserved 1163264K
  class space    used 17467K, committed 17920K, reserved 1048576K
}
Event: 32.701 GC heap before
{Heap before GC invocations=60 (full 0):
 garbage-first heap   total 753664K, used 598134K [0x00000006e0000000, 0x0000000800000000)
  region size 4096K, 50 young (204800K), 4 survivors (16384K)
 Metaspace       used 135161K, committed 136000K, reserved 1171456K
  class space    used 17940K, committed 18368K, reserved 1048576K
}
Event: 32.707 GC heap after
{Heap after GC invocations=61 (full 0):
 garbage-first heap   total 753664K, used 367488K [0x00000006e0000000, 0x0000000800000000)
  region size 4096K, 4 young (16384K), 4 survivors (16384K)
 Metaspace       used 135161K, committed 136000K, reserved 1171456K
  class space    used 17940K, committed 18368K, reserved 1048576K
}
Event: 35.426 GC heap before
{Heap before GC invocations=61 (full 0):
 garbage-first heap   total 753664K, used 572288K [0x00000006e0000000, 0x0000000800000000)
  region size 4096K, 55 young (225280K), 4 survivors (16384K)
 Metaspace       used 154691K, committed 155584K, reserved 1187840K
  class space    used 20184K, committed 20608K, reserved 1048576K
}
Event: 35.449 GC heap after
{Heap after GC invocations=62 (full 0):
 garbage-first heap   total 753664K, used 393697K [0x00000006e0000000, 0x0000000800000000)
  region size 4096K, 7 young (28672K), 7 survivors (28672K)
 Metaspace       used 154691K, committed 155584K, reserved 1187840K
  class space    used 20184K, committed 20608K, reserved 1048576K
}

